make[1]: Entering directory '/home/users/sdi2300131/5o_eksamino/tn1/texniti1-git/project3/problem2'
========================================
Starting Batch Execution for Problem 2
========================================
Processing 17x197.txt ...
--- Solving 17x197.txt ---
Start solving for 17 flights...
Βρέθηκε νέα καλύτερη λύση! Κόστος: 16608
Βρέθηκε νέα καλύτερη λύση! Κόστος: 16080
Βρέθηκε νέα καλύτερη λύση! Κόστος: 14112
Βρέθηκε νέα καλύτερη λύση! Κόστος: 13866
Βρέθηκε νέα καλύτερη λύση! Κόστος: 13338
Βρέθηκε νέα καλύτερη λύση! Κόστος: 13248
Βρέθηκε νέα καλύτερη λύση! Κόστος: 13083
Βρέθηκε νέα καλύτερη λύση! Κόστος: 12231
Βρέθηκε νέα καλύτερη λύση! Κόστος: 11457
Βρέθηκε νέα καλύτερη λύση! Κόστος: 11430
Βρέθηκε νέα καλύτερη λύση! Κόστος: 11307
RESULT | File: 17x197.txt | Cost: 11307 | Elements: 5
----------------------------------------
Processing 19x294.txt ...
--- Solving 19x294.txt ---
Start solving for 19 flights...
Βρέθηκε νέα καλύτερη λύση! Κόστος: 24402
Βρέθηκε νέα καλύτερη λύση! Κόστος: 24159
Βρέθηκε νέα καλύτερη λύση! Κόστος: 23034
Βρέθηκε νέα καλύτερη λύση! Κόστος: 22773
Βρέθηκε νέα καλύτερη λύση! Κόστος: 22614
Βρέθηκε νέα καλύτερη λύση! Κόστος: 22581
Βρέθηκε νέα καλύτερη λύση! Κόστος: 21231
Βρέθηκε νέα καλύτερη λύση! Κόστος: 20874
Βρέθηκε νέα καλύτερη λύση! Κόστος: 20631
Βρέθηκε νέα καλύτερη λύση! Κόστος: 20121
Βρέθηκε νέα καλύτερη λύση! Κόστος: 19275
Βρέθηκε νέα καλύτερη λύση! Κόστος: 19086
Βρέθηκε νέα καλύτερη λύση! Κόστος: 19077
Βρέθηκε νέα καλύτερη λύση! Κόστος: 18834
Βρέθηκε νέα καλύτερη λύση! Κόστος: 18573
Βρέθηκε νέα καλύτερη λύση! Κόστος: 18414
Βρέθηκε νέα καλύτερη λύση! Κόστος: 18381
Βρέθηκε νέα καλύτερη λύση! Κόστος: 17031
Βρέθηκε νέα καλύτερη λύση! Κόστος: 16674
Βρέθηκε νέα καλύτερη λύση! Κόστος: 16431
Βρέθηκε νέα καλύτερη λύση! Κόστος: 15921
Βρέθηκε νέα καλύτερη λύση! Κόστος: 15075
Βρέθηκε νέα καλύτερη λύση! Κόστος: 14886
Βρέθηκε νέα καλύτερη λύση! Κόστος: 14877
RESULT | File: 19x294.txt | Cost: 14877 | Elements: 7
----------------------------------------
Processing 19x404.txt ...
--- Solving 19x404.txt ---
Start solving for 19 flights...
Βρέθηκε νέα καλύτερη λύση! Κόστος: 14583
Βρέθηκε νέα καλύτερη λύση! Κόστος: 14061
Βρέθηκε νέα καλύτερη λύση! Κόστος: 13488
Βρέθηκε νέα καλύτερη λύση! Κόστος: 13434
Βρέθηκε νέα καλύτερη λύση! Κόστος: 12912
Βρέθηκε νέα καλύτερη λύση! Κόστος: 12864
Βρέθηκε νέα καλύτερη λύση! Κόστος: 12120
Βρέθηκε νέα καλύτερη λύση! Κόστος: 11529
Βρέθηκε νέα καλύτερη λύση! Κόστος: 11475
Βρέθηκε νέα καλύτερη λύση! Κόστος: 11016
Βρέθηκε νέα καλύτερη λύση! Κόστος: 10809
RESULT | File: 19x404.txt | Cost: 10809 | Elements: 4
----------------------------------------
Processing 19x711.txt ...
--- Solving 19x711.txt ---
Start solving for 19 flights...
Βρέθηκε νέα καλύτερη λύση! Κόστος: 15484
Βρέθηκε νέα καλύτερη λύση! Κόστος: 15144
Βρέθηκε νέα καλύτερη λύση! Κόστος: 15008
Βρέθηκε νέα καλύτερη λύση! Κόστος: 14588
Βρέθηκε νέα καλύτερη λύση! Κόστος: 13630
Βρέθηκε νέα καλύτερη λύση! Κόστος: 13376
Βρέθηκε νέα καλύτερη λύση! Κόστος: 12942
Βρέθηκε νέα καλύτερη λύση! Κόστος: 12534
RESULT | File: 19x711.txt | Cost: 12534 | Elements: 8
----------------------------------------
Processing 22x685.txt ...
--- Solving 22x685.txt ---
Start solving for 22 flights...
Βρέθηκε νέα καλύτερη λύση! Κόστος: 20502
Βρέθηκε νέα καλύτερη λύση! Κόστος: 20082
Βρέθηκε νέα καλύτερη λύση! Κόστος: 18576
Βρέθηκε νέα καλύτερη λύση! Κόστος: 17058
Βρέθηκε νέα καλύτερη λύση! Κόστος: 16812
RESULT | File: 22x685.txt | Cost: 16812 | Elements: 5
----------------------------------------
Processing 23x619.txt ...
--- Solving 23x619.txt ---
Start solving for 23 flights...
Βρέθηκε νέα καλύτερη λύση! Κόστος: 18036
Βρέθηκε νέα καλύτερη λύση! Κόστος: 16344
Βρέθηκε νέα καλύτερη λύση! Κόστος: 15674
Βρέθηκε νέα καλύτερη λύση! Κόστος: 15188
Βρέθηκε νέα καλύτερη λύση! Κόστος: 15182
Βρέθηκε νέα καλύτερη λύση! Κόστος: 13976
Βρέθηκε νέα καλύτερη λύση! Κόστος: 13228
Βρέθηκε νέα καλύτερη λύση! Κόστος: 13172
Βρέθηκε νέα καλύτερη λύση! Κόστος: 11798
Βρέθηκε νέα καλύτερη λύση! Κόστος: 11698
Βρέθηκε νέα καλύτερη λύση! Κόστος: 11656
Βρέθηκε νέα καλύτερη λύση! Κόστος: 11626
Βρέθηκε νέα καλύτερη λύση! Κόστος: 11454
Βρέθηκε νέα καλύτερη λύση! Κόστος: 11394
Βρέθηκε νέα καλύτερη λύση! Κόστος: 11312
Βρέθηκε νέα καλύτερη λύση! Κόστος: 11212
Βρέθηκε νέα καλύτερη λύση! Κόστος: 10522
Βρέθηκε νέα καλύτερη λύση! Κόστος: 10254
Βρέθηκε νέα καλύτερη λύση! Κόστος: 9186
Βρέθηκε νέα καλύτερη λύση! Κόστος: 9130
Βρέθηκε νέα καλύτερη λύση! Κόστος: 9102
Βρέθηκε νέα καλύτερη λύση! Κόστος: 9052
Βρέθηκε νέα καλύτερη λύση! Κόστος: 8948
Βρέθηκε νέα καλύτερη λύση! Κόστος: 8904
Βρέθηκε νέα καλύτερη λύση! Κόστος: 8536
Βρέθηκε νέα καλύτερη λύση! Κόστος: 7834
Βρέθηκε νέα καλύτερη λύση! Κόστος: 7702
Βρέθηκε νέα καλύτερη λύση! Κόστος: 7652
Βρέθηκε νέα καλύτερη λύση! Κόστος: 7244
Βρέθηκε νέα καλύτερη λύση! Κόστος: 7192
Βρέθηκε νέα καλύτερη λύση! Κόστος: 7060
Βρέθηκε νέα καλύτερη λύση! Κόστος: 6984
RESULT | File: 23x619.txt | Cost: 6984 | Elements: 7
----------------------------------------
Processing 24x434.txt ...
--- Solving 24x434.txt ---
Start solving for 24 flights...
Βρέθηκε νέα καλύτερη λύση! Κόστος: 46556
Βρέθηκε νέα καλύτερη λύση! Κόστος: 45410
Βρέθηκε νέα καλύτερη λύση! Κόστος: 44636
Βρέθηκε νέα καλύτερη λύση! Κόστος: 44546
Βρέθηκε νέα καλύτερη λύση! Κόστος: 44378
Βρέθηκε νέα καλύτερη λύση! Κόστος: 44288
Βρέθηκε νέα καλύτερη λύση! Κόστος: 44230
Βρέθηκε νέα καλύτερη λύση! Κόστος: 38428
Βρέθηκε νέα καλύτερη λύση! Κόστος: 37916
Βρέθηκε νέα καλύτερη λύση! Κόστος: 37720
Βρέθηκε νέα καλύτερη λύση! Κόστος: 37546
Βρέθηκε νέα καλύτερη λύση! Κόστος: 37208
Βρέθηκε νέα καλύτερη λύση! Κόστος: 37034
Βρέθηκε νέα καλύτερη λύση! Κόστος: 36906
Βρέθηκε νέα καλύτερη λύση! Κόστος: 36496
Βρέθηκε νέα καλύτερη λύση! Κόστος: 36322
Βρέθηκε νέα καλύτερη λύση! Κόστος: 36068
Βρέθηκε νέα καλύτερη λύση! Κόστος: 35894
RESULT | File: 24x434.txt | Cost: 35894 | Elements: 12
----------------------------------------
Processing 25x577.txt ...
--- Solving 25x577.txt ---
Start solving for 25 flights...
Βρέθηκε νέα καλύτερη λύση! Κόστος: 21162
Βρέθηκε νέα καλύτερη λύση! Κόστος: 18894
Βρέθηκε νέα καλύτερη λύση! Κόστος: 17646
Βρέθηκε νέα καλύτερη λύση! Κόστος: 15852
Βρέθηκε νέα καλύτερη λύση! Κόστος: 15542
Βρέθηκε νέα καλύτερη λύση! Κόστος: 15134
Βρέθηκε νέα καλύτερη λύση! Κόστος: 14800
Βρέθηκε νέα καλύτερη λύση! Κόστος: 14194
Βρέθηκε νέα καλύτερη λύση! Κόστος: 13992
Βρέθηκε νέα καλύτερη λύση! Κόστος: 13720
Βρέθηκε νέα καλύτερη λύση! Κόστος: 13518
Βρέθηκε νέα καλύτερη λύση! Κόστος: 13192
Βρέθηκε νέα καλύτερη λύση! Κόστος: 12526
Βρέθηκε νέα καλύτερη λύση! Κόστος: 12258
Βρέθηκε νέα καλύτερη λύση! Κόστος: 12218
Βρέθηκε νέα καλύτερη λύση! Κόστος: 10522
Βρέθηκε νέα καλύτερη λύση! Κόστος: 9054
Βρέθηκε νέα καλύτερη λύση! Κόστος: 8930
Βρέθηκε νέα καλύτερη λύση! Κόστος: 7974
Βρέθηκε νέα καλύτερη λύση! Κόστος: 7830
Βρέθηκε νέα καλύτερη λύση! Κόστος: 7436
Βρέθηκε νέα καλύτερη λύση! Κόστος: 7408
RESULT | File: 25x577.txt | Cost: 7408 | Elements: 7
----------------------------------------
Processing 27x626.txt ...
--- Solving 27x626.txt ---
Start solving for 27 flights...
Βρέθηκε νέα καλύτερη λύση! Κόστος: 20124
Βρέθηκε νέα καλύτερη λύση! Κόστος: 19382
Βρέθηκε νέα καλύτερη λύση! Κόστος: 19266
Βρέθηκε νέα καλύτερη λύση! Κόστος: 19192
Βρέθηκε νέα καλύτερη λύση! Κόστος: 19190
Βρέθηκε νέα καλύτερη λύση! Κόστος: 19092
Βρέθηκε νέα καλύτερη λύση! Κόστος: 19090
Βρέθηκε νέα καλύτερη λύση! Κόστος: 18918
Βρέθηκε νέα καλύτερη λύση! Κόστος: 18512
Βρέθηκε νέα καλύτερη λύση! Κόστος: 18492
Βρέθηκε νέα καλύτερη λύση! Κόστος: 18470
Βρέθηκε νέα καλύτερη λύση! Κόστος: 18456
Βρέθηκε νέα καλύτερη λύση! Κόστος: 18454
Βρέθηκε νέα καλύτερη λύση! Κόστος: 18134
Βρέθηκε νέα καλύτερη λύση! Κόστος: 17990
Βρέθηκε νέα καλύτερη λύση! Κόστος: 17980
Βρέθηκε νέα καλύτερη λύση! Κόστος: 17890
Βρέθηκε νέα καλύτερη λύση! Κόστος: 17888
Βρέθηκε νέα καλύτερη λύση! Κόστος: 17530
Βρέθηκε νέα καλύτερη λύση! Κόστος: 17504
Βρέθηκε νέα καλύτερη λύση! Κόστος: 17488
Βρέθηκε νέα καλύτερη λύση! Κόστος: 17406
Βρέθηκε νέα καλύτερη λύση! Κόστος: 17330
Βρέθηκε νέα καλύτερη λύση! Κόστος: 17314
Βρέθηκε νέα καλύτερη λύση! Κόστος: 17194
Βρέθηκε νέα καλύτερη λύση! Κόστος: 17180
Βρέθηκε νέα καλύτερη λύση! Κόστος: 17142
Βρέθηκε νέα καλύτερη λύση! Κόστος: 17132
Βρέθηκε νέα καλύτερη λύση! Κόστος: 17068
Βρέθηκε νέα καλύτερη λύση! Κόστος: 17008
Βρέθηκε νέα καλύτερη λύση! Κόστος: 16982
Βρέθηκε νέα καλύτερη λύση! Κόστος: 16966
Βρέθηκε νέα καλύτερη λύση! Κόστος: 16884
Βρέθηκε νέα καλύτερη λύση! Κόστος: 16808
Βρέθηκε νέα καλύτερη λύση! Κόστος: 16792
Βρέθηκε νέα καλύτερη λύση! Κόστος: 16672
Βρέθηκε νέα καλύτερη λύση! Κόστος: 16658
Βρέθηκε νέα καλύτερη λύση! Κόστος: 16552
Βρέθηκε νέα καλύτερη λύση! Κόστος: 16538
Βρέθηκε νέα καλύτερη λύση! Κόστος: 16416
Βρέθηκε νέα καλύτερη λύση! Κόστος: 16406
Βρέθηκε νέα καλύτερη λύση! Κόστος: 16356
Βρέθηκε νέα καλύτερη λύση! Κόστος: 16350
Βρέθηκε νέα καλύτερη λύση! Κόστος: 16290
Βρέθηκε νέα καλύτερη λύση! Κόστος: 16264
Βρέθηκε νέα καλύτερη λύση! Κόστος: 16248
Βρέθηκε νέα καλύτερη λύση! Κόστος: 16166
Βρέθηκε νέα καλύτερη λύση! Κόστος: 16090
Βρέθηκε νέα καλύτερη λύση! Κόστος: 16074
Βρέθηκε νέα καλύτερη λύση! Κόστος: 15954
Βρέθηκε νέα καλύτερη λύση! Κόστος: 15940
Βρέθηκε νέα καλύτερη λύση! Κόστος: 15850
Βρέθηκε νέα καλύτερη λύση! Κόστος: 15836
Βρέθηκε νέα καλύτερη λύση! Κόστος: 15822
Βρέθηκε νέα καλύτερη λύση! Κόστος: 15808
Βρέθηκε νέα καλύτερη λύση! Κόστος: 15776
Βρέθηκε νέα καλύτερη λύση! Κόστος: 15766
Βρέθηκε νέα καλύτερη λύση! Κόστος: 15716
Βρέθηκε νέα καλύτερη λύση! Κόστος: 15642
Βρέθηκε νέα καλύτερη λύση! Κόστος: 15566
Βρέθηκε νέα καλύτερη λύση! Κόστος: 15550
Βρέθηκε νέα καλύτερη λύση! Κόστος: 15430
Βρέθηκε νέα καλύτερη λύση! Κόστος: 15416
Βρέθηκε νέα καλύτερη λύση! Κόστος: 15314
Βρέθηκε νέα καλύτερη λύση! Κόστος: 15300
Βρέθηκε νέα καλύτερη λύση! Κόστος: 15222
Βρέθηκε νέα καλύτερη λύση! Κόστος: 15208
Βρέθηκε νέα καλύτερη λύση! Κόστος: 15200
Βρέθηκε νέα καλύτερη λύση! Κόστος: 15114
Βρέθηκε νέα καλύτερη λύση! Κόστος: 15074
Βρέθηκε νέα καλύτερη λύση! Κόστος: 14958
Βρέθηκε νέα καλύτερη λύση! Κόστος: 14948
Βρέθηκε νέα καλύτερη λύση! Κόστος: 14898
Βρέθηκε νέα καλύτερη λύση! Κόστος: 14824
Βρέθηκε νέα καλύτερη λύση! Κόστος: 14748
Βρέθηκε νέα καλύτερη λύση! Κόστος: 14732
Βρέθηκε νέα καλύτερη λύση! Κόστος: 14612
Βρέθηκε νέα καλύτερη λύση! Κόστος: 14598
Βρέθηκε νέα καλύτερη λύση! Κόστος: 14496
Βρέθηκε νέα καλύτερη λύση! Κόστος: 14482
Βρέθηκε νέα καλύτερη λύση! Κόστος: 14476
Βρέθηκε νέα καλύτερη λύση! Κόστος: 14368
Βρέθηκε νέα καλύτερη λύση! Κόστος: 14354
Βρέθηκε νέα καλύτερη λύση! Κόστος: 14252
Βρέθηκε νέα καλύτερη λύση! Κόστος: 14238
Βρέθηκε νέα καλύτερη λύση! Κόστος: 14234
Βρέθηκε νέα καλύτερη λύση! Κόστος: 14228
Βρέθηκε νέα καλύτερη λύση! Κόστος: 14142
Βρέθηκε νέα καλύτερη λύση! Κόστος: 14128
Βρέθηκε νέα καλύτερη λύση! Κόστος: 14124
Βρέθηκε νέα καλύτερη λύση! Κόστος: 14118
RESULT | File: 27x626.txt | Cost: 14118 | Elements: 15
----------------------------------------
Processing 31x467.txt ...
--- Solving 31x467.txt ---
Start solving for 31 flights...
Βρέθηκε νέα καλύτερη λύση! Κόστος: 98967
Βρέθηκε νέα καλύτερη λύση! Κόστος: 98868
Βρέθηκε νέα καλύτερη λύση! Κόστος: 67809
Βρέθηκε νέα καλύτερη λύση! Κόστος: 67758
Βρέθηκε νέα καλύτερη λύση! Κόστος: 67755
Βρέθηκε νέα καλύτερη λύση! Κόστος: 67746
Βρέθηκε νέα καλύτερη λύση! Κόστος: 67743
RESULT | File: 31x467.txt | Cost: 67743 | Elements: 7
----------------------------------------
All instances processed.
make[1]: Leaving directory '/home/users/sdi2300131/5o_eksamino/tn1/texniti1-git/project3/problem2'
